
Showing logs for build [32mcb-kubecd-environment-pr-168-1-gmm28-1[0m stage [32mfrom-build-pack[0m and container [32mstep-credential-initializer-jcf2n[0m
{"level":"warn","ts":1582860750.8289866,"logger":"fallback-logger","caller":"logging/config.go:69","msg":"Fetch GitHub commit ID from kodata failed: \"ref: refs/heads/0.8.0-**-support-backwards-incompats\" is not a valid GitHub commit ID"}
{"level":"info","ts":1582860750.8302202,"logger":"fallback-logger","caller":"creds-init/main.go:40","msg":"Credentials initialized."}

Showing logs for build [32mcb-kubecd-environment-pr-168-1-gmm28-1[0m stage [32mfrom-build-pack[0m and container [32mstep-working-dir-initializer-h9h54[0m
{"level":"warn","ts":1582860751.8351738,"logger":"fallback-logger","caller":"logging/config.go:69","msg":"Fetch GitHub commit ID from kodata failed: open /var/run/ko/HEAD: no such file or directory"}
{"level":"info","ts":1582860751.840925,"logger":"fallback-logger","caller":"bash/main.go:64","msg":"Successfully executed command \"sh -c mkdir -p /workspace/source\"; output "}

Showing logs for build [32mcb-kubecd-environment-pr-168-1-gmm28-1[0m stage [32mfrom-build-pack[0m and container [32mstep-place-tools[0m

Showing logs for build [32mcb-kubecd-environment-pr-168-1-gmm28-1[0m stage [32mfrom-build-pack[0m and container [32mstep-git-source-cb-kubecd-environment-pr-168-1-gmm28-ln689[0m
{"level":"warn","ts":1582860756.1609564,"logger":"fallback-logger","caller":"logging/config.go:69","msg":"Fetch GitHub commit ID from kodata failed: \"ref: refs/heads/0.8.0-**-support-backwards-incompats\" is not a valid GitHub commit ID"}
{"level":"info","ts":1582860757.1911309,"logger":"fallback-logger","caller":"git/git.go:103","msg":"Successfully cloned https://github.com/cb-kubecd/environment-pr-168-1-boot-gke-staging.git @ master in path /workspace/source"}

Showing logs for build [32mcb-kubecd-environment-pr-168-1-gmm28-1[0m stage [32mfrom-build-pack[0m and container [32mstep-git-merge[0m
Using SHAs from PULL_REFS=master:ae9b935ffbd625f538fce9d65bf6f4610e5e7298,6:d87c17e6d10c656c155c5b904e9d56e816bc7e56
DEBUG: LC_ALL=C JX_LOG_LEVEL=error git fetch origin --unshallow d87c17e6d10c656c155c5b904e9d56e816bc7e56: ae9b935ffbd625f538fce9d65bf6f4610e5e7298:
DEBUG: ran git fetch --unshallow origin d87c17e6d10c656c155c5b904e9d56e816bc7e56: ae9b935ffbd625f538fce9d65bf6f4610e5e7298: in 
DEBUG: LC_ALL=C JX_LOG_LEVEL=error git branch
DEBUG: LC_ALL=C JX_LOG_LEVEL=error git checkout master
DEBUG: ran git checkout master in 
DEBUG: LC_ALL=C JX_LOG_LEVEL=error git reset --hard ae9b935ffbd625f538fce9d65bf6f4610e5e7298
DEBUG: ran git reset --hard ae9b935ffbd625f538fce9d65bf6f4610e5e7298 in 
DEBUG: LC_ALL=C JX_LOG_LEVEL=error git clean -fd .
DEBUG: ran clean --force -d . in 
DEBUG: LC_ALL=C JX_LOG_LEVEL=error git merge d87c17e6d10c656c155c5b904e9d56e816bc7e56
DEBUG: ran git merge d87c17e6d10c656c155c5b904e9d56e816bc7e56 in 
DEBUG: LC_ALL=C JX_LOG_LEVEL=error git log --format=%H%x1f%an%x1f%ae%x1f%cn%x1f%ce%x1f%s%n%b%x1e ae9b935ffbd625f538fce9d65bf6f4610e5e7298..HEAD
Merged SHA d87c17e6d10c656c155c5b904e9d56e816bc7e56 with commit message 'chore: Promote bdd-nh-import-1582860018 to version 0.0.1' into base branch master

Showing logs for build [32mcb-kubecd-environment-pr-168-1-gmm28-1[0m stage [32mfrom-build-pack[0m and container [32mstep-build-helm-build[0m
WARNING: No $CHART_REPOSITORY defined so using the default value of: http://jenkins-x-chartmuseum:8080
Adding missing Helm repo: storage.googleapis.com https://storage.googleapis.com/chartmuseum.jenkins-x.io
WARNING: No secrets found on "helm/repos" due: reading the secret "helm/repos" from vault: no secret "helm/repos" not found in vault
Read credentials for https://storage.googleapis.com/chartmuseum.jenkins-x.io from vault helm/repos
Successfully added Helm repository storage.googleapis.com.
Adding missing Helm repo: jenkins-x-chartmuseum http://jenkins-x-chartmuseum:8080
WARNING: No secrets found on "helm/repos" due: reading the secret "helm/repos" from vault: no secret "helm/repos" not found in vault
Read credentials for http://jenkins-x-chartmuseum:8080 from vault helm/repos
Successfully added Helm repository jenkins-x-chartmuseum.
WARNING: No $CHART_REPOSITORY defined so using the default value of: http://jenkins-x-chartmuseum:8080
Adding missing Helm repo: chartmuseum.jenkins-x.io http://chartmuseum.jenkins-x.io
WARNING: No secrets found on "helm/repos" due: reading the secret "helm/repos" from vault: no secret "helm/repos" not found in vault
Read credentials for http://chartmuseum.jenkins-x.io from vault helm/repos
Successfully added Helm repository chartmuseum.jenkins-x.io.
